WARNING: An illegal reflective access operation has occurred
WARNING: Illegal reflective access by org.apache.ignite.internal.util.GridUnsafe$2 (file:/home/lsc/workspace/Watcher-kafka/jars/ignite-core-2.7.6.jar) to field java.nio.Buffer.address
WARNING: Please consider reporting this to the maintainers of org.apache.ignite.internal.util.GridUnsafe$2
WARNING: Use --illegal-access=warn to enable warnings of further illegal reflective access operations
WARNING: All illegal access operations will be denied in a future release
mai 16, 2020 11:20:21 PM org.apache.ignite.logger.java.JavaLogger warning
ADVERTÊNCIA: Failed to resolve default logging config file: config/java.util.logging.properties
[23:20:22]    __________  ________________ 
[23:20:22]   /  _/ ___/ |/ /  _/_  __/ __/ 
[23:20:22]  _/ // (7 7    // /  / / / _/   
[23:20:22] /___/\___/_/|_/___/ /_/ /___/  
[23:20:22] 
[23:20:22] ver. 2.7.6#20190911-sha1:21f7ca41
[23:20:22] 2019 Copyright(C) Apache Software Foundation
[23:20:22] 
[23:20:22] Ignite documentation: http://ignite.apache.org
[23:20:22] 
[23:20:22] Quiet mode.
[23:20:22]   ^-- Logging by 'JavaLogger [quiet=true, config=null]'
[23:20:22]   ^-- To see **FULL** console log here add -DIGNITE_QUIET=false or "-v" to ignite.{sh|bat}
[23:20:22] 
[23:20:22] OS: Linux 5.4.0-3-amd64 amd64
[23:20:22] VM information: OpenJDK Runtime Environment 11.0.6+10-post-Debian-1 Debian OpenJDK 64-Bit Server VM 11.0.6+10-post-Debian-1
[23:20:22] Please set system property '-Djava.net.preferIPv4Stack=true' to avoid possible problems in mixed environments.
[23:20:22] Initial heap size is 124MB (should be no less than 512MB, use -Xms512m -Xmx512m).
[23:20:22] Configured plugins:
[23:20:22]   ^-- None
[23:20:22] 
[23:20:22] Configured failure handler: [hnd=StopNodeOrHaltFailureHandler [tryStop=false, timeout=0, super=AbstractFailureHandler [ignoredFailureTypes=[SYSTEM_WORKER_BLOCKED, SYSTEM_CRITICAL_OPERATION_TIMEOUT]]]]
[23:20:22] Message queue limit is set to 0 which may lead to potential OOMEs when running cache operations in FULL_ASYNC or PRIMARY_SYNC modes due to message queues growth on sender and receiver sides.
[23:20:22] Security status [authentication=off, tls/ssl=off]
[23:20:24] Performance suggestions for grid  (fix if possible)
[23:20:24] To disable, set -DIGNITE_PERFORMANCE_SUGGESTIONS_DISABLED=true
[23:20:24]   ^-- Switch to the most recent 1.8 JVM version
[23:20:24]   ^-- Specify JVM heap max size (add '-Xmx<size>[g|G|m|M|k|K]' to JVM options)
[23:20:24]   ^-- Set max direct memory size if getting 'OOME: Direct buffer memory' (add '-XX:MaxDirectMemorySize=<size>[g|G|m|M|k|K]' to JVM options)
[23:20:24]   ^-- Disable processing of calls to System.gc() (add '-XX:+DisableExplicitGC' to JVM options)
[23:20:24] Refer to this page for more performance suggestions: https://apacheignite.readme.io/docs/jvm-and-system-tuning
[23:20:24] 
[23:20:24] To start Console Management & Monitoring run ignitevisorcmd.{sh|bat}
[23:20:24] Data Regions Configured:
[23:20:24]   ^-- default [initSize=256,0 MiB, maxSize=1,5 GiB, persistence=false]
[23:20:24] 
[23:20:24] Ignite node started OK (id=a83df0f7)
[23:20:24] Topology snapshot [ver=1, locNode=a83df0f7, servers=1, clients=0, state=ACTIVE, CPUs=4, offheap=1.5GB, heap=1.9GB]
log4j:WARN No appenders could be found for logger (org.apache.zookeeper.ZooKeeper).
log4j:WARN Please initialize the log4j system properly.
log4j:WARN See http://logging.apache.org/log4j/1.2/faq.html#noconfig for more info.
The watcher server is running...
[23:46:57] Ignite node stopped OK [uptime=00:26:32.964]
